>> CMD: pio
run
Processing esp32-s3-devkitc-1 (platform: espressif32@5.3.0; board: esp32-s3-devkitc-1; framework: arduino)
--------------------------------------------------------------------------------
Verbose mode can be enabled via `-v, --verbose` option
CONFIGURATION: https://docs.platformio.org/page/boards/espressif32/esp32-s3-devkitc-1.html
PLATFORM: Espressif 32 (5.3.0) > Espressif ESP32-S3-DevKitC-1-N8 (8 MB QD, No PSRAM)
HARDWARE: ESP32S3 240MHz, 320KB RAM, 8MB Flash
DEBUG: Current (esp-builtin) On-board (esp-builtin) External (cmsis-dap, esp-bridge, esp-prog, iot-bus-jtag, jlink, minimodule, olimex-arm-usb-ocd, olimex-arm-usb-ocd-h, olimex-arm-usb-tiny-h, olimex-jtag-tiny, tumpa)
PACKAGES: 
 - framework-arduinoespressif32 @ 3.20006.221224 (2.0.6) 
 - tool-esptoolpy @ 1.40400.0 (4.4.0) 
 - toolchain-riscv32-esp @ 8.4.0+2021r2-patch5 
 - toolchain-xtensa-esp32s3 @ 8.4.0+2021r2-patch5
LDF: Library Dependency Finder -> https://bit.ly/configure-pio-ldf
LDF Modes: Finder ~ chain, Compatibility ~ soft
Found 38 compatible libraries
Scanning dependencies...
Dependency Graph
|-- FastLED @ 3.9.2
|-- FixedPoints @ 1.1.2
|-- M5ROTATE8 @ 0.4.1
|-- FS @ 2.0.0
|-- LittleFS @ 2.0.0
|-- Ticker @ 2.0.0
|-- WiFi @ 2.0.0
|-- Wire @ 2.0.0
|-- M5UnitScroll
Building in release mode
Retrieving maximum program size .pio/build/esp32-s3-devkitc-1/firmware.elf
Checking size .pio/build/esp32-s3-devkitc-1/firmware.elf
Advanced Memory Usage is available via "PlatformIO Home > Project Inspect"
RAM:   [=======   ]  72.2% (used 236444 bytes from 327680 bytes)
Flash: [=====     ]  53.1% (used 834733 bytes from 1572864 bytes)
========================= [SUCCESS] Took 1.56 seconds =========================
>> EXIT: 0
